# JRE version: Java(TM) SE Runtime Environment (8.0_202-b08) (build 1.8.0_202-b08)
# Java VM: Java HotSpot(TM) 64-Bit Server VM (25.202-b08 mixed mode windows-amd64 compressed oops)
Heap:
 PSYoungGen      total 372224K, used 8738K [0x000000076b180000, 0x0000000783300000, 0x00000007c0000000)
  eden space 349696K, 2% used [0x000000076b180000,0x000000076ba08bd0,0x0000000780700000)
  from space 22528K, 0% used [0x0000000780700000,0x0000000780700000,0x0000000781d00000)
  to   space 19968K, 0% used [0x0000000781f80000,0x0000000781f80000,0x0000000783300000)
 ParOldGen       total 223232K, used 35575K [0x00000006c1400000, 0x00000006cee00000, 0x000000076b180000)
  object space 223232K, 15% used [0x00000006c1400000,0x00000006c36bdec8,0x00000006cee00000)
 Metaspace       used 70386K, capacity 71242K, committed 71552K, reserved 1144832K
  class space    used 8619K, capacity 8803K, committed 8832K, reserved 1048576K
GC Heap History (10 events):
Event: 10.634 GC heap before
{Heap before GC invocations=26 (full 9):
 PSYoungGen      total 372224K, used 704K [0x000000076b180000, 0x0000000783300000, 0x00000007c0000000)
  eden space 349696K, 0% used [0x000000076b180000,0x000000076b180000,0x0000000780700000)
  from space 22528K, 3% used [0x0000000780700000,0x00000007807b0000,0x0000000781d00000)
  to   space 19968K, 0% used [0x0000000781f80000,0x0000000781f80000,0x0000000783300000)
 ParOldGen       total 223232K, used 35356K [0x00000006c1400000, 0x00000006cee00000, 0x000000076b180000)
  object space 223232K, 15% used [0x00000006c1400000,0x00000006c36870f0,0x00000006cee00000)
 Metaspace       used 69358K, capacity 70186K, committed 70528K, reserved 1140736K
  class space    used 8504K, capacity 8707K, committed 8832K, reserved 1048576K
Event: 10.668 GC heap after
Heap after GC invocations=26 (full 9):
 PSYoungGen      total 372224K, used 0K [0x000000076b180000, 0x0000000783300000, 0x00000007c0000000)
  eden space 349696K, 0% used [0x000000076b180000,0x000000076b180000,0x0000000780700000)
  from space 22528K, 0% used [0x0000000780700000,0x0000000780700000,0x0000000781d00000)
  to   space 19968K, 0% used [0x0000000781f80000,0x0000000781f80000,0x0000000783300000)
 ParOldGen       total 223232K, used 35424K [0x00000006c1400000, 0x00000006cee00000, 0x000000076b180000)
  object space 223232K, 15% used [0x00000006c1400000,0x00000006c3698068,0x00000006cee00000)
 Metaspace       used 69358K, capacity 70186K, committed 70528K, reserved 1138688K
  class space    used 8504K, capacity 8707K, committed 8832K, reserved 1048576K
}
Event: 10.682 GC heap before
{Heap before GC invocations=27 (full 9):
 PSYoungGen      total 372224K, used 6750K [0x000000076b180000, 0x0000000783300000, 0x00000007c0000000)
  eden space 349696K, 1% used [0x000000076b180000,0x000000076b817a20,0x0000000780700000)
  from space 22528K, 0% used [0x0000000780700000,0x0000000780700000,0x0000000781d00000)
  to   space 19968K, 0% used [0x0000000781f80000,0x0000000781f80000,0x0000000783300000)
 ParOldGen       total 223232K, used 35424K [0x00000006c1400000, 0x00000006cee00000, 0x000000076b180000)
  object space 223232K, 15% used [0x00000006c1400000,0x00000006c3698068,0x00000006cee00000)
 Metaspace       used 69653K, capacity 70474K, committed 70784K, reserved 1142784K
  class space    used 8535K, capacity 8739K, committed 8832K, reserved 1048576K
Event: 10.684 GC heap after
Heap after GC invocations=27 (full 9):
 PSYoungGen      total 369664K, used 672K [0x000000076b180000, 0x0000000783300000, 0x00000007c0000000)
  eden space 349696K, 0% used [0x000000076b180000,0x000000076b180000,0x0000000780700000)
  from space 19968K, 3% used [0x0000000781f80000,0x0000000782028000,0x0000000783300000)
  to   space 22528K, 0% used [0x0000000780700000,0x0000000780700000,0x0000000781d00000)
 ParOldGen       total 223232K, used 35424K [0x00000006c1400000, 0x00000006cee00000, 0x000000076b180000)
  object space 223232K, 15% used [0x00000006c1400000,0x00000006c3698068,0x00000006cee00000)
 Metaspace       used 69653K, capacity 70474K, committed 70784K, reserved 1142784K
  class space    used 8535K, capacity 8739K, committed 8832K, reserved 1048576K
}
Event: 10.684 GC heap before
{Heap before GC invocations=28 (full 10):
 PSYoungGen      total 369664K, used 672K [0x000000076b180000, 0x0000000783300000, 0x00000007c0000000)
  eden space 349696K, 0% used [0x000000076b180000,0x000000076b180000,0x0000000780700000)
  from space 19968K, 3% used [0x0000000781f80000,0x0000000782028000,0x0000000783300000)
  to   space 22528K, 0% used [0x0000000780700000,0x0000000780700000,0x0000000781d00000)
 ParOldGen       total 223232K, used 35424K [0x00000006c1400000, 0x00000006cee00000, 0x000000076b180000)
  object space 223232K, 15% used [0x00000006c1400000,0x00000006c3698068,0x00000006cee00000)
 Metaspace       used 69653K, capacity 70474K, committed 70784K, reserved 1142784K
  class space    used 8535K, capacity 8739K, committed 8832K, reserved 1048576K
Event: 10.717 GC heap after
Heap after GC invocations=28 (full 10):
 PSYoungGen      total 369664K, used 0K [0x000000076b180000, 0x0000000783300000, 0x00000007c0000000)
  eden space 349696K, 0% used [0x000000076b180000,0x000000076b180000,0x0000000780700000)
  from space 19968K, 0% used [0x0000000781f80000,0x0000000781f80000,0x0000000783300000)
  to   space 22528K, 0% used [0x0000000780700000,0x0000000780700000,0x0000000781d00000)
 ParOldGen       total 223232K, used 35509K [0x00000006c1400000, 0x00000006cee00000, 0x000000076b180000)
  object space 223232K, 15% used [0x00000006c1400000,0x00000006c36ad480,0x00000006cee00000)
 Metaspace       used 69653K, capacity 70474K, committed 70784K, reserved 1140736K
  class space    used 8535K, capacity 8739K, committed 8832K, reserved 1048576K
}
Event: 10.731 GC heap before
{Heap before GC invocations=29 (full 10):
 PSYoungGen      total 369664K, used 4313K [0x000000076b180000, 0x0000000783300000, 0x00000007c0000000)
  eden space 349696K, 1% used [0x000000076b180000,0x000000076b5b6648,0x0000000780700000)
  from space 19968K, 0% used [0x0000000781f80000,0x0000000781f80000,0x0000000783300000)
  to   space 22528K, 0% used [0x0000000780700000,0x0000000780700000,0x0000000781d00000)
 ParOldGen       total 223232K, used 35509K [0x00000006c1400000, 0x00000006cee00000, 0x000000076b180000)
  object space 223232K, 15% used [0x00000006c1400000,0x00000006c36ad480,0x00000006cee00000)
 Metaspace       used 69936K, capacity 70762K, committed 71040K, reserved 1146880K
  class space    used 8562K, capacity 8771K, committed 8832K, reserved 1048576K
Event: 10.734 GC heap after
Heap after GC invocations=29 (full 10):
 PSYoungGen      total 372224K, used 704K [0x000000076b180000, 0x0000000783300000, 0x00000007c0000000)
  eden space 349696K, 0% used [0x000000076b180000,0x000000076b180000,0x0000000780700000)
  from space 22528K, 3% used [0x0000000780700000,0x00000007807b0000,0x0000000781d00000)
  to   space 19968K, 0% used [0x0000000781f80000,0x0000000781f80000,0x0000000783300000)
 ParOldGen       total 223232K, used 35509K [0x00000006c1400000, 0x00000006cee00000, 0x000000076b180000)
  object space 223232K, 15% used [0x00000006c1400000,0x00000006c36ad480,0x00000006cee00000)
 Metaspace       used 69936K, capacity 70762K, committed 71040K, reserved 1146880K
  class space    used 8562K, capacity 8771K, committed 8832K, reserved 1048576K
}
Event: 10.734 GC heap before
{Heap before GC invocations=30 (full 11):
 PSYoungGen      total 372224K, used 704K [0x000000076b180000, 0x0000000783300000, 0x00000007c0000000)
  eden space 349696K, 0% used [0x000000076b180000,0x000000076b180000,0x0000000780700000)
  from space 22528K, 3% used [0x0000000780700000,0x00000007807b0000,0x0000000781d00000)
  to   space 19968K, 0% used [0x0000000781f80000,0x0000000781f80000,0x0000000783300000)
 ParOldGen       total 223232K, used 35509K [0x00000006c1400000, 0x00000006cee00000, 0x000000076b180000)
  object space 223232K, 15% used [0x00000006c1400000,0x00000006c36ad480,0x00000006cee00000)
 Metaspace       used 69936K, capacity 70762K, committed 71040K, reserved 1146880K
  class space    used 8562K, capacity 8771K, committed 8832K, reserved 1048576K
Event: 10.774 GC heap after
Heap after GC invocations=30 (full 11):
 PSYoungGen      total 372224K, used 0K [0x000000076b180000, 0x0000000783300000, 0x00000007c0000000)
  eden space 349696K, 0% used [0x000000076b180000,0x000000076b180000,0x0000000780700000)
  from space 22528K, 0% used [0x0000000780700000,0x0000000780700000,0x0000000781d00000)
  to   space 19968K, 0% used [0x0000000781f80000,0x0000000781f80000,0x0000000783300000)
 ParOldGen       total 223232K, used 35575K [0x00000006c1400000, 0x00000006cee00000, 0x000000076b180000)
  object space 223232K, 15% used [0x00000006c1400000,0x00000006c36bdec8,0x00000006cee00000)
 Metaspace       used 69936K, capacity 70762K, committed 71040K, reserved 1142784K
  class space    used 8562K, capacity 8771K, committed 8832K, reserved 1048576K
}

